0 info it worked if it ends with ok
1 verbose cli [ '/Users/peterborodich/.nvm/versions/node/v5.0.0/bin/node',
1 verbose cli   '/Users/peterborodich/.nvm/versions/node/v5.0.0/bin/npm',
1 verbose cli   'run',
1 verbose cli   'gulp' ]
2 info using npm@3.3.6
3 info using node@v5.0.0
4 verbose run-script [ 'pregulp', 'gulp', 'postgulp' ]
5 info lifecycle pwbPortfolio@0.0.0~pregulp: pwbPortfolio@0.0.0
6 silly lifecycle pwbPortfolio@0.0.0~pregulp: no script for pregulp, continuing
7 info lifecycle pwbPortfolio@0.0.0~gulp: pwbPortfolio@0.0.0
8 verbose lifecycle pwbPortfolio@0.0.0~gulp: unsafe-perm in lifecycle true
9 verbose lifecycle pwbPortfolio@0.0.0~gulp: PATH: /Users/peterborodich/.nvm/versions/node/v5.0.0/lib/node_modules/npm/bin/node-gyp-bin:/Users/peterborodich/Projects/pwbPortfolio/node_modules/.bin:/Users/peterborodich/.nvm/versions/node/v5.0.0/bin:/usr/local/bin:/usr/bin:/bin:/usr/sbin:/sbin
10 verbose lifecycle pwbPortfolio@0.0.0~gulp: CWD: /Users/peterborodich/Projects/pwbPortfolio
11 silly lifecycle pwbPortfolio@0.0.0~gulp: Args: [ '-c', 'gulp clean && gulp' ]
12 silly lifecycle pwbPortfolio@0.0.0~gulp: Returned: code: 1  signal: null
13 info lifecycle pwbPortfolio@0.0.0~gulp: Failed to exec gulp script
14 verbose stack Error: pwbPortfolio@0.0.0 gulp: `gulp clean && gulp`
14 verbose stack Exit status 1
14 verbose stack     at EventEmitter.<anonymous> (/Users/peterborodich/.nvm/versions/node/v5.0.0/lib/node_modules/npm/lib/utils/lifecycle.js:233:16)
14 verbose stack     at emitTwo (events.js:87:13)
14 verbose stack     at EventEmitter.emit (events.js:172:7)
14 verbose stack     at ChildProcess.<anonymous> (/Users/peterborodich/.nvm/versions/node/v5.0.0/lib/node_modules/npm/lib/utils/spawn.js:24:14)
14 verbose stack     at emitTwo (events.js:87:13)
14 verbose stack     at ChildProcess.emit (events.js:172:7)
14 verbose stack     at maybeClose (internal/child_process.js:818:16)
14 verbose stack     at Process.ChildProcess._handle.onexit (internal/child_process.js:211:5)
15 verbose pkgid pwbPortfolio@0.0.0
16 verbose cwd /Users/peterborodich/Projects/pwbPortfolio
17 error Darwin 15.5.0
18 error argv "/Users/peterborodich/.nvm/versions/node/v5.0.0/bin/node" "/Users/peterborodich/.nvm/versions/node/v5.0.0/bin/npm" "run" "gulp"
19 error node v5.0.0
20 error npm  v3.3.6
21 error code ELIFECYCLE
22 error pwbPortfolio@0.0.0 gulp: `gulp clean && gulp`
22 error Exit status 1
23 error Failed at the pwbPortfolio@0.0.0 gulp script 'gulp clean && gulp'.
23 error This is most likely a problem with the pwbPortfolio package,
23 error not with npm itself.
23 error Tell the author that this fails on your system:
23 error     gulp clean && gulp
23 error You can get their info via:
23 error     npm owner ls pwbPortfolio
23 error There is likely additional logging output above.
24 verbose exit [ 1, true ]
